CRITICAL - 2022-02-27 21:59:07 --> Call to undefined method CodeIgniter\View\View::extends()
#0 C:\laragon\www\Clase5AdminLTE3\system\View\View.php(210): include()
#1 C:\laragon\www\Clase5AdminLTE3\system\View\View.php(213): CodeIgniter\View\View->CodeIgniter\View\{closure}()
#2 C:\laragon\www\Clase5AdminLTE3\system\Common.php(1089): CodeIgniter\View\View->render('dashboard/index', Array, true)
#3 C:\laragon\www\Clase5AdminLTE3\app\Controllers\Dashboard.php(9): view('dashboard/index')
#4 C:\laragon\www\Clase5AdminLTE3\system\CodeIgniter.php(832): App\Controllers\Dashboard->index()
#5 C:\laragon\www\Clase5AdminLTE3\system\CodeIgniter.php(419): CodeIgniter\CodeIgniter->runController(Object(App\Controllers\Dashboard))
#6 C:\laragon\www\Clase5AdminLTE3\system\CodeIgniter.php(326): CodeIgniter\CodeIgniter->handleRequest(NULL, Object(Config\Cache), false)
#7 C:\laragon\www\Clase5AdminLTE3\public\index.php(37): CodeIgniter\CodeIgniter->run()
#8 {main}
CRITICAL - 2022-02-27 22:00:27 --> Call to undefined method CodeIgniter\View\View::extends()
#0 C:\laragon\www\Clase5AdminLTE3\system\View\View.php(210): include()
#1 C:\laragon\www\Clase5AdminLTE3\system\View\View.php(213): CodeIgniter\View\View->CodeIgniter\View\{closure}()
#2 C:\laragon\www\Clase5AdminLTE3\system\Common.php(1089): CodeIgniter\View\View->render('dashboard/index', Array, true)
#3 C:\laragon\www\Clase5AdminLTE3\app\Controllers\Dashboard.php(9): view('dashboard/index')
#4 C:\laragon\www\Clase5AdminLTE3\system\CodeIgniter.php(832): App\Controllers\Dashboard->index()
#5 C:\laragon\www\Clase5AdminLTE3\system\CodeIgniter.php(419): CodeIgniter\CodeIgniter->runController(Object(App\Controllers\Dashboard))
#6 C:\laragon\www\Clase5AdminLTE3\system\CodeIgniter.php(326): CodeIgniter\CodeIgniter->handleRequest(NULL, Object(Config\Cache), false)
#7 C:\laragon\www\Clase5AdminLTE3\public\index.php(37): CodeIgniter\CodeIgniter->run()
#8 {main}
CRITICAL - 2022-02-27 22:03:35 --> Call to undefined method CodeIgniter\View\View::extends()
#0 C:\laragon\www\Clase5AdminLTE3\system\View\View.php(210): include()
#1 C:\laragon\www\Clase5AdminLTE3\system\View\View.php(213): CodeIgniter\View\View->CodeIgniter\View\{closure}()
#2 C:\laragon\www\Clase5AdminLTE3\system\Common.php(1089): CodeIgniter\View\View->render('dashboard/index', Array, true)
#3 C:\laragon\www\Clase5AdminLTE3\app\Controllers\Dashboard.php(9): view('dashboard/index')
#4 C:\laragon\www\Clase5AdminLTE3\system\CodeIgniter.php(832): App\Controllers\Dashboard->index()
#5 C:\laragon\www\Clase5AdminLTE3\system\CodeIgniter.php(419): CodeIgniter\CodeIgniter->runController(Object(App\Controllers\Dashboard))
#6 C:\laragon\www\Clase5AdminLTE3\system\CodeIgniter.php(326): CodeIgniter\CodeIgniter->handleRequest(NULL, Object(Config\Cache), false)
#7 C:\laragon\www\Clase5AdminLTE3\public\index.php(37): CodeIgniter\CodeIgniter->run()
#8 {main}
CRITICAL - 2022-02-27 22:10:33 --> Invalid file: templates/admin_template.php
#0 C:\laragon\www\Clase5AdminLTE3\system\View\View.php(198): CodeIgniter\Exceptions\FrameworkException::forInvalidFile('templates/admin...')
#1 C:\laragon\www\Clase5AdminLTE3\system\View\View.php(226): CodeIgniter\View\View->render('templates/admin...', Array, true)
#2 C:\laragon\www\Clase5AdminLTE3\system\Common.php(1089): CodeIgniter\View\View->render('dashboard/index', Array, true)
#3 C:\laragon\www\Clase5AdminLTE3\app\Controllers\Dashboard.php(9): view('dashboard/index')
#4 C:\laragon\www\Clase5AdminLTE3\system\CodeIgniter.php(832): App\Controllers\Dashboard->index()
#5 C:\laragon\www\Clase5AdminLTE3\system\CodeIgniter.php(419): CodeIgniter\CodeIgniter->runController(Object(App\Controllers\Dashboard))
#6 C:\laragon\www\Clase5AdminLTE3\system\CodeIgniter.php(326): CodeIgniter\CodeIgniter->handleRequest(NULL, Object(Config\Cache), false)
#7 C:\laragon\www\Clase5AdminLTE3\public\index.php(37): CodeIgniter\CodeIgniter->run()
#8 {main}
CRITICAL - 2022-02-27 22:12:11 --> Invalid file: templates/admin_template.php
#0 C:\laragon\www\Clase5AdminLTE3\system\View\View.php(198): CodeIgniter\Exceptions\FrameworkException::forInvalidFile('templates/admin...')
#1 C:\laragon\www\Clase5AdminLTE3\system\View\View.php(226): CodeIgniter\View\View->render('templates/admin...', Array, true)
#2 C:\laragon\www\Clase5AdminLTE3\system\Common.php(1089): CodeIgniter\View\View->render('dashboard/index', Array, true)
#3 C:\laragon\www\Clase5AdminLTE3\app\Controllers\Dashboard.php(9): view('dashboard/index')
#4 C:\laragon\www\Clase5AdminLTE3\system\CodeIgniter.php(832): App\Controllers\Dashboard->index()
#5 C:\laragon\www\Clase5AdminLTE3\system\CodeIgniter.php(419): CodeIgniter\CodeIgniter->runController(Object(App\Controllers\Dashboard))
#6 C:\laragon\www\Clase5AdminLTE3\system\CodeIgniter.php(326): CodeIgniter\CodeIgniter->handleRequest(NULL, Object(Config\Cache), false)
#7 C:\laragon\www\Clase5AdminLTE3\public\index.php(37): CodeIgniter\CodeIgniter->run()
#8 {main}
